[0mGET / [0m-[0m - ms - -[0m
[0mGET / [31m500[0m 10016.026 ms - 484[0m
[0mGET / [31m500[0m 10033.915 ms - 484[0m
[0mGET / [0m-[0m - ms - -[0m
[0mGET / [0m-[0m - ms - -[0m
[0mGET / [32m200[0m 11630.718 ms - 3899[0m
[0mGET / [36m304[0m 746.442 ms - -[0m
[0mGET / [36m304[0m 4512.935 ms - -[0m
[0mGET / [36m304[0m 4590.361 ms - -[0m
[0mGET /users/sign-in [36m304[0m 4.112 ms - -[0m
[0mGET /users/auth/google [36m302[0m 3.669 ms - 0[0m
[0mGET /users/auth/google/callback?code=4%2F0AX4XfWhDOYTvrBO0Id20FhKtdqwDJZ852-CPj1vUfluemyIJYUBM5YU1BlRqpx3eb0FNKQ&scope=email+profile+https%3A%2F%2Fwww.googleapis.com%2Fauth%2Fuserinfo.profile+https%3A%2F%2Fwww.googleapis.com%2Fauth%2Fuserinfo.email+openid&authuser=0&prompt=consent [36m302[0m 2436.039 ms - 46[0m
[0mGET / [32m200[0m 1316.256 ms - 5277[0m
[0mPOST /posts/create [32m200[0m 1421.387 ms - 315[0m
[0mGET /users/profile [32m200[0m 731.653 ms - 4489[0m
[0mGET /users/sign-out [36m302[0m 369.184 ms - 46[0m
[0mGET / [32m200[0m 1098.622 ms - 5207[0m
[0mGET /users/sign-up [36m304[0m 4.930 ms - -[0m
[0mPOST /users/create [36m302[0m 790.567 ms - 72[0m
[0mGET /users/sign-in [36m304[0m 3.218 ms - -[0m
[0mPOST /users/create-session [36m302[0m 381.567 ms - 46[0m
[0mGET / [32m200[0m 1470.426 ms - 7028[0m
[0mPOST /posts/create [32m200[0m 1099.778 ms - 285[0m
[0mGET / [32m200[0m 1504.823 ms - 8518[0m
[0mPOST /likes/toggle/?id=60edda776d15270f8c07ff6a&type=Post [32m200[0m 1789.615 ms - 59[0m
[0mPOST /comments/create [32m200[0m 1679.916 ms - 331[0m
[0mGET /users/profile [32m200[0m 734.104 ms - 4470[0m
[0mPOST /users/update/60eddae96d15270f8c07ff74 [36m302[0m 742.939 ms - 114[0m
[0mGET /users/profile [32m200[0m 734.413 ms - 4491[0m
[0mGET / [32m200[0m 1561.962 ms - 9544[0m
[0mGET /comments/destroy/60eddb166d15270f8c07ff8c [32m200[0m 1655.544 ms - 79[0m
[0mPOST /comments/create [32m200[0m 1682.432 ms - 338[0m
[0mGET /posts/destroy/60eddb006d15270f8c07ff7c [32m200[0m 2247.993 ms - 72[0m
[0mPOST /posts/create [32m200[0m 1104.465 ms - 292[0m
[0mGET /users/sign-out [36m302[0m 689.074 ms - 46[0m
[0mGET / [32m200[0m 1219.057 ms - 6914[0m
[0mGET /users/profile/60edda5b6d15270f8c07ff64 [36m302[0m 24.252 ms - 72[0m
[0mGET /users/sign-in [36m304[0m 13.923 ms - -[0m
[0mGET /users/auth/google [36m302[0m 2.297 ms - 0[0m
[0mGET /users/auth/google/callback?code=4%2F0AX4XfWilHedIRetS9FpNsNeXZTpZeqqbFbIBmvyEC0aDjZEbZeB3Dn9Kc-rHoLLjfWU8NQ&scope=email+profile+https%3A%2F%2Fwww.googleapis.com%2Fauth%2Fuserinfo.profile+https%3A%2F%2Fwww.googleapis.com%2Fauth%2Fuserinfo.email+openid&authuser=0&prompt=consent [36m302[0m 3107.383 ms - 46[0m
[0mGET / [32m200[0m 2281.361 ms - 9614[0m
